\BOOKMARK [0][-]{section*.1}{Dedication}{}% 1
\BOOKMARK [0][-]{section*.2}{Acknowledgements}{}% 2
\BOOKMARK [0][-]{iv.0}{Table of Contents}{}% 3
\BOOKMARK [0][-]{section*.4}{List of Figures}{}% 4
\BOOKMARK [0][-]{section*.5}{List of Tables}{}% 5
\BOOKMARK [0][-]{section*.6}{List of Appendices}{}% 6
\BOOKMARK [0][-]{section*.8}{List of Abbreviations}{}% 7
\BOOKMARK [0][-]{section*.9}{Abstract}{}% 8
\BOOKMARK [0][-]{chapter.1}{The ATLAS Detector}{}% 9
\BOOKMARK [1][-]{section.1.1}{The Large Hadron Collider}{chapter.1}% 10
\BOOKMARK [1][-]{section.1.2}{The ATLAS Detector}{chapter.1}% 11
\BOOKMARK [2][-]{subsection.1.2.1}{Inner Detector}{section.1.2}% 12
\BOOKMARK [2][-]{subsection.1.2.2}{Solenoid Magnet}{section.1.2}% 13
\BOOKMARK [2][-]{subsection.1.2.3}{Calorimeters}{section.1.2}% 14
\BOOKMARK [3][-]{subsubsection.1.2.3.1}{ECAL}{subsection.1.2.3}% 15
\BOOKMARK [3][-]{subsubsection.1.2.3.2}{HCAL}{subsection.1.2.3}% 16
\BOOKMARK [2][-]{subsection.1.2.4}{Toroid Magnets}{section.1.2}% 17
\BOOKMARK [2][-]{subsection.1.2.5}{Muon Spectrometer}{section.1.2}% 18
\BOOKMARK [2][-]{subsection.1.2.6}{Trigger}{section.1.2}% 19
\BOOKMARK [0][-]{section*.23}{Appendices}{}% 20
\BOOKMARK [0][-]{An Appendix.0}{An Appendix}{}% 21
